This is pdfTeX, Version 3.14159265-2.6-1.40.20 (TeX Live 2019/Debian) (preloaded format=pdflatex 2020.10.8)  19 NOV 2020 17:59
entering extended mode
 restricted \write18 enabled.
 %&-line parsing enabled.
**czt-guide.tex
(./czt-guide.tex
LaTeX2e <2020-02-02> patch level 2
L3 programming layer <2020-02-14>
(/usr/share/texlive/texmf-dist/tex/latex/base/article.cls
Document Class: article 2019/12/20 v1.4l Standard LaTeX document class
(/usr/share/texlive/texmf-dist/tex/latex/base/size10.clo
File: size10.clo 2019/12/20 v1.4l Standard LaTeX file (size option)
)
\c@part=\count167
\c@section=\count168
\c@subsection=\count169
\c@subsubsection=\count170
\c@paragraph=\count171
\c@subparagraph=\count172
\c@figure=\count173
\c@table=\count174
\abovecaptionskip=\skip47
\belowcaptionskip=\skip48
\bibindent=\dimen134
)
(/usr/share/texlive/texmf-dist/tex/latex/tools/multicol.sty
Package: multicol 2019/12/09 v1.8y multicolumn formatting (FMi)
\c@tracingmulticols=\count175
\mult@box=\box45
\multicol@leftmargin=\dimen135
\c@unbalance=\count176
\c@collectmore=\count177
\doublecol@number=\count178
\multicoltolerance=\count179
\multicolpretolerance=\count180
\full@width=\dimen136
\page@free=\dimen137
\premulticols=\dimen138
\postmulticols=\dimen139
\multicolsep=\skip49
\multicolbaselineskip=\skip50
\partial@page=\box46
\last@line=\box47
\maxbalancingoverflow=\dimen140
\mult@rightbox=\box48
\mult@grightbox=\box49
\mult@gfirstbox=\box50
\mult@firstbox=\box51
\@tempa=\box52
\@tempa=\box53
\@tempa=\box54
\@tempa=\box55
\@tempa=\box56
\@tempa=\box57
\@tempa=\box58
\@tempa=\box59
\@tempa=\box60
\@tempa=\box61
\@tempa=\box62
\@tempa=\box63
\@tempa=\box64
\@tempa=\box65
\@tempa=\box66
\@tempa=\box67
\@tempa=\box68
\@tempa=\box69
\@tempa=\box70
\@tempa=\box71
\@tempa=\box72
\@tempa=\box73
\@tempa=\box74
\@tempa=\box75
\@tempa=\box76
\@tempa=\box77
\@tempa=\box78
\@tempa=\box79
\@tempa=\box80
\@tempa=\box81
\@tempa=\box82
\@tempa=\box83
\@tempa=\box84
\@tempa=\box85
\@tempa=\box86
\@tempa=\box87
\@tempa=\box88
\c@minrows=\count181
\c@columnbadness=\count182
\c@finalcolumnbadness=\count183
\last@try=\dimen141
\multicolovershoot=\dimen142
\multicolundershoot=\dimen143
\mult@nat@firstbox=\box89
\colbreak@box=\box90
\mc@col@check@num=\count184
) (./czt.sty
Package: czt 2015/07/23 v.1.4 Standard Z style file by the Community Z Tools

`Standard Z style file by the Community Z Tools' v.1.4 <2015/07/23>
Package czt Info: 'color' option chosen on input line 72.
Package czt Info: 'cntbysection' option chosen on input line 72.
Package czt Info: AMS fonts selected with default options on input line 85.
Package czt Info: Rendering Z math mode with colours on input line 95.
Package czt Info: Package `color' loaded with `dvipsnames' 
(czt)             and `usenames' options on input line 103.

(/usr/share/texlive/texmf-dist/tex/latex/graphics/color.sty
Package: color 2019/11/23 v1.2a Standard LaTeX Color (DPC)

(/usr/share/texlive/texmf-dist/tex/latex/graphics-cfg/color.cfg
File: color.cfg 2016/01/02 v1.6 sample color configuration
)
Package color Info: Driver file: pdftex.def on input line 147.

(/usr/share/texlive/texmf-dist/tex/latex/graphics-def/pdftex.def
File: pdftex.def 2018/01/08 v1.0l Graphics/color driver for pdftex
)
(/usr/share/texlive/texmf-dist/tex/latex/graphics/dvipsnam.def
File: dvipsnam.def 2016/06/17 v3.0m Driver-dependent file (DPC,SPQR)
))
Package czt Info: Z colours defined as:
(czt)               ZedBoxColor     = cmyk( 1, 1,0, 0) 
(czt)               AnnotationColor = cmyk(0.98,0.13,0,0.43) 
(czt)               ZedColor        = cmyk(0.50, 1,0, 0) 
(czt)              on input line 117.
\c@mv@czt=\count185
Package czt Info: Creating `czt' math version on input line 151.
\symstmry=\mathgroup4
LaTeX Font Info:    Redeclaring math alphabet \mathit on input line 158.
LaTeX Font Info:    Overwriting math alphabet `\mathrm' in version `czt'
(Font)                  OT1/cmr/m/n --> OT1/cmr/m/n on input line 162.
LaTeX Font Info:    Overwriting math alphabet `\mathbf' in version `czt'
(Font)                  OT1/cmr/bx/n --> OT1/cmr/bx/n on input line 163.
LaTeX Font Info:    Overwriting math alphabet `\mathsf' in version `czt'
(Font)                  OT1/cmss/m/n --> OT1/cmss/m/n on input line 164.
\symitalics=\mathgroup5
Package czt Info: Loading AMS font symbols for Z on input line 602.
\symAMSa=\mathgroup6
\symAMSb=\mathgroup7
Package czt Info: Current math version set to `czt' on input line 605.


Package czt Warning: Could not resolve math code for letters.
(czt)                Default could not be found. Using Italics on input line 66
4.

Package czt Info: Counting Z declarations? YES  on input line 682.
\@zcountingwhat=\count186
\c@cntZunboxed=\count187
\c@cntZaxdef=\count188
\c@cntZgendef=\count189
\c@cntZschema=\count190
\c@cntZgenschema=\count191
\c@cntZtheorem=\count192
\c@cntZproof=\count193
\c@cntZdecl=\count194
\c@cntZunknown=\count195
\c@cntZtotunboxed=\count196
\c@cntZtotaxdef=\count197
\c@cntZtotgendef=\count198
\c@cntZtotschema=\count199
\c@cntZtotgenschema=\count266
\c@cntZtottheorem=\count267
\c@cntZtotproof=\count268
\c@cntZtotdecl=\count269
\c@cntZtotunknown=\count270
\big@size=\dimen144
\zedtab=\dimen145
\zedindent=\dimen146
\zedleftsep=\dimen147
\zedbar=\dimen148
\interzedlinepenalty=\count271
\preboxpenalty=\count272
\forcepagepenalty=\count273
\zedskip=\skip51
Package czt Info: Initialising Z registers with default values.
(czt)                \zedtab=20.00003pt
(czt)                \zedindent=25.00003pt=\leftmargini
(czt)                \zedleftsep=10.00002pt
(czt)                \zedbar=60.00009pt
(czt)             
(czt)                \interzedlinepenalty=10000
(czt)                \preboxpenalty=0
(czt)                \forcepagepenalty=-10000
(czt)                \interdisplaylinepenalty=100
(czt)             
(czt)                \zedskip=6.0pt plus 3.99994pt minus 3.99994pt
(czt)                \zt@p=false 
(czt)                \CountDefstrue=true  on input line 1092.
Package czt Info: Setting up Standard Z skipping and breaking on input line 112
8.
Package czt Info: Setting up Standard Z LaTeX environments on input line 1425.
Package czt Info: Setting up Standard Z basic symbols on input line 1540.
Package czt Info: Setting up Standard Z Greek and other letters on input line 1
604.
Package czt Info: Setting up Standard Z bracket symbols on input line 1651.
Package czt Info: Marking \mid, \semicolon, and \spot
(czt)             as 
(czt)             active in math mode on input line 1655.
Package czt Info: Setting up Standard Z predicate logic symbols on input line 1
698.
Package czt Info: Setting up Standard Z keywords on input line 1762.
Package czt Info:   Loading prelude          symbols on input line 1772.
Package czt Info:   Loading set      toolkit symbols on input line 1804.
Package czt Info:   Loading relation toolkit symbols on input line 1830.
Package czt Info:   Loading function toolkit symbols on input line 1845.
Package czt Info:   Loading number   toolkit symbols on input line 1861.
Package czt Info:   Loading sequence toolkit symbols on input line 1889.
Package czt Info:   Loading standard toolkit symbols completed on input line 18
93.
Package czt Info:   Loading Z state refinement toolkit symbols completed on inp
ut line 1904.
)
\zstrutbox=\box91
 (/usr/share/texlive/texmf-dist/tex/latex/l3backend/l3backend-pdfmode.def
File: l3backend-pdfmode.def 2020-02-03 L3 backend support: PDF mode
\l__kernel_color_stack_int=\count274
\l__pdf_internal_box=\box92
)
(./czt-guide.aux)
\openout1 = `czt-guide.aux'.

LaTeX Font Info:    Checking defaults for OML/cmm/m/it on input line 64.
LaTeX Font Info:    ... okay on input line 64.
LaTeX Font Info:    Checking defaults for OMS/cmsy/m/n on input line 64.
LaTeX Font Info:    ... okay on input line 64.
LaTeX Font Info:    Checking defaults for OT1/cmr/m/n on input line 64.
LaTeX Font Info:    ... okay on input line 64.
LaTeX Font Info:    Checking defaults for T1/cmr/m/n on input line 64.
LaTeX Font Info:    ... okay on input line 64.
LaTeX Font Info:    Checking defaults for TS1/cmr/m/n on input line 64.
LaTeX Font Info:    ... okay on input line 64.
LaTeX Font Info:    Checking defaults for OMX/cmex/m/n on input line 64.
LaTeX Font Info:    ... okay on input line 64.
LaTeX Font Info:    Checking defaults for U/cmr/m/n on input line 64.
LaTeX Font Info:    ... okay on input line 64.

(/usr/share/texlive/texmf-dist/tex/context/base/mkii/supp-pdf.mkii
[Loading MPS to PDF converter (version 2006.09.02).]
\scratchcounter=\count275
\scratchdimen=\dimen149
\scratchbox=\box93
\nofMPsegments=\count276
\nofMParguments=\count277
\everyMPshowfont=\toks14
\MPscratchCnt=\count278
\MPscratchDim=\dimen150
\MPnumerator=\count279
\makeMPintoPDFobject=\count280
\everyMPtoPDFconversion=\toks15
)
LaTeX Font Info:    External font `cmex10' loaded for size
(Font)              <17.28> on input line 69.
LaTeX Font Info:    External font `cmex10' loaded for size
(Font)              <12> on input line 69.
LaTeX Font Info:    Trying to load font information for U+stmry on input line 6
9.
 (/usr/share/texlive/texmf-dist/tex/latex/stmaryrd/Ustmry.fd)
LaTeX Font Info:    Trying to load font information for U+msa on input line 69.


(/usr/share/texlive/texmf-dist/tex/latex/amsfonts/umsa.fd
File: umsa.fd 2013/01/14 v3.01 AMS symbols A
)
LaTeX Font Info:    Trying to load font information for U+msb on input line 69.


(/usr/share/texlive/texmf-dist/tex/latex/amsfonts/umsb.fd
File: umsb.fd 2013/01/14 v3.01 AMS symbols B
)
LaTeX Font Info:    External font `cmex10' loaded for size
(Font)              <8> on input line 69.
LaTeX Font Info:    External font `cmex10' loaded for size
(Font)              <6> on input line 69.
 (./czt-guide.toc
LaTeX Font Info:    External font `cmex10' loaded for size
(Font)              <7> on input line 2.
LaTeX Font Info:    External font `cmex10' loaded for size
(Font)              <5> on input line 2.

[1

{/var/lib/texmf/fonts/map/pdftex/updmap/pdftex.map}]
LaTeX Font Info:    Font shape `OT1/cmtt/bx/n' in size <10> not available
(Font)              Font shape `OT1/cmtt/m/n' tried instead on input line 29.
)
\tf@toc=\write3
\openout3 = `czt-guide.toc'.

 (./czt-guide.lot
[2])
\tf@lot=\write4
\openout4 = `czt-guide.lot'.



LaTeX Warning: Citation `czt' on page 3 undefined on input line 76.


LaTeX Warning: Citation `isoz' on page 3 undefined on input line 77.


LaTeX Warning: Citation `czt' on page 3 undefined on input line 81.


LaTeX Warning: Citation `isoz' on page 3 undefined on input line 83.


LaTeX Warning: Citation `isoz' on page 3 undefined on input line 89.


LaTeX Warning: Citation `isoz' on page 3 undefined on input line 93.


LaTeX Warning: Citation `czt' on page 3 undefined on input line 95.


LaTeX Warning: Citation `isoz' on page 3 undefined on input line 100.

[3]
LaTeX Font Info:    Font shape `OT1/cmtt/bx/n' in size <12> not available
(Font)              Font shape `OT1/cmtt/m/n' tried instead on input line 131.
 [4]

LaTeX Warning: Citation `zrm' on page 5 undefined on input line 202.


LaTeX Warning: Citation `latexcomp' on page 5 undefined on input line 203.


LaTeX Warning: Citation `usingz' on page 5 undefined on input line 208.

[5]

LaTeX Warning: Citation `isoz' on page 6 undefined on input line 239.


LaTeX Warning: Citation `unicode' on page 6 undefined on input line 246.


LaTeX Warning: Citation `isoz' on page 6 undefined on input line 256.

[6]

LaTeX Warning: Citation `usingz' on page 7 undefined on input line 271.


LaTeX Warning: Citation `isoz' on page 7 undefined on input line 300.

[7]

LaTeX Warning: Citation `isoz' on page 8 undefined on input line 444.


LaTeX Warning: Citation `isoz' on page 8 undefined on input line 474.

[8] [9]

LaTeX Warning: Citation `isoz' on page 10 undefined on input line 572.

[10]
\savemuskip=\muskip16
 [11]

LaTeX Warning: Citation `isoz' on page 12 undefined on input line 703.

LaTeX Font Info:    External font `cmex10' loaded for size
(Font)              <14.4> on input line 744.

LaTeX Warning: Citation `isoz' on page 12 undefined on input line 759.


LaTeX Warning: Citation `isoz' on page 12 undefined on input line 760.

[12] [13]

Package czt Warning: Counting unboxed  on input line 804.


Package czt Warning: Counting unboxed  on input line 805.


Package czt Warning: Counting unboxed  on input line 806.


Package czt Warning: Counting unboxed  on input line 806.


Package czt Warning: Counting unboxed  on input line 807.


LaTeX Warning: Citation `latexcomp' on page 14 undefined on input line 813.


LaTeX Warning: Citation `isoz' on page 14 undefined on input line 820.


LaTeX Warning: Citation `isoz' on page 14 undefined on input line 826.


LaTeX Warning: Citation `isoz' on page 14 undefined on input line 827.


LaTeX Warning: Citation `isoz' on page 14 undefined on input line 878.


Package czt Warning: Counting nothing  on input line 882.


Package czt Warning: Counting nothing  on input line 884.


Package czt Warning: Counting nothing  on input line 886.

[14]

LaTeX Warning: Citation `isoz' on page 15 undefined on input line 902.

[15]

Package czt Warning: Counting unboxed  on input line 966.


LaTeX Warning: Citation `circussem' on page 16 undefined on input line 972.

[16] [17] [18]

LaTeX Warning: Citation `isoz' on page 19 undefined on input line 1138.

[19] [20] [21]

LaTeX Warning: Citation `isoz' on page 22 undefined on input line 1325.

[22]

Package czt Warning: Counting unboxed  on input line 1388.


Package czt Warning: Counting unboxed  on input line 1390.


Package czt Warning: Counting unboxed  on input line 1391.


Package czt Warning: Counting unboxed  on input line 1392.


Package czt Warning: Counting axdef  on input line 1410.


Package czt Warning: Counting axdef  on input line 1415.


Package czt Warning: Counting schema  on input line 1436.

[23] [24]

Package czt Warning: Counting gendef  on input line 1462.


Package czt Warning: Counting gendef  on input line 1466.


Package czt Warning: Counting genschema  on input line 1483.


Package czt Warning: Counting nothing  on input line 1502.

[25]

Package czt Warning: Counting nothing  on input line 1530.


Package czt Warning: Counting nothing  on input line 1533.


Package czt Warning: Counting nothing  on input line 1536.


Package czt Warning: Counting nothing  on input line 1539.

[26]

Package czt Warning: Counting unboxed  on input line 1572.


Package czt Warning: Counting nothing  on input line 1577.


Package czt Warning: Counting theorem  on input line 1591.

[27] [28]
Overfull \hbox (0.5454pt too wide) in paragraph at lines 1702--1703
[][][]\OT1/cmtt/m/n/10 \@zcountingwhat=2[]\OT1/cmr/m/n/10 : counts generic ax-i
omatic defs. af-fect-ing \OT1/cmtt/m/n/10 cntZgendef\OT1/cmr/m/n/10 ; 
 []

[29]
Overfull \hbox (5.24962pt too wide) in paragraph at lines 1708--1714
\OT1/cmr/m/n/10 One use for [][]\OT1/cmtt/m/n/10 \@zcountingwhat=99 []\OT1/cmr/
m/n/10 is, for in-stance, to avoid count-ing non-parseable
 []


Overfull \hbox (38.03563pt too wide) in paragraph at lines 1708--1714
\OT1/cmr/m/n/10 def-i-ni-tions, such as the stared ver-sions of the Z-L[]T[]X e
n-vi-ron-ments (\OT1/cmr/m/it/10 e.g., [][]\OT1/cmtt/m/n/10 \begin{zed*}[]\OT1/
cmr/m/n/10 ).
 []


Overfull \hbox (77.32304pt too wide) in paragraph at lines 1715--1724
\OT1/cmr/m/n/10 re-spec-tively. Un-boxed items are in-tro-duced through the [][
]\OT1/cmtt/m/n/10 \begin{zed} []\OT1/cmr/m/n/10 or [][]\OT1/cmtt/m/n/10 \begin{
theorem}{name}
 []

LaTeX Font Info:    Font shape `OT1/cmtt/bx/n' in size <14.4> not available
(Font)              Font shape `OT1/cmtt/m/n' tried instead on input line 1725.


LaTeX Warning: Citation `latexcomp' on page 30 undefined on input line 1779.


LaTeX Warning: Citation `isoz' on page 30 undefined on input line 1790.

[30] [31] [32]

LaTeX Warning: Citation `zrm' on page 33 undefined on input line 1877.

[33]

Package czt Warning: Counting nothing  on input line 1896.


Package czt Warning: Counting nothing  on input line 1908.


Package czt Warning: Counting nothing  on input line 1934.


Package czt Warning: Counting nothing  on input line 1951.


Package czt Warning: Counting nothing  on input line 1959.


Package czt Warning: Counting nothing  on input line 1977.

[34]

Package czt Warning: Counting nothing  on input line 2004.


Package czt Warning: Counting nothing  on input line 2030.


Package czt Warning: Counting nothing  on input line 2048.


Package czt Warning: Counting nothing  on input line 2071.

[35]

Package czt Warning: Counting nothing  on input line 2094.


Package czt Warning: Counting nothing  on input line 2109.


Package czt Warning: Counting nothing  on input line 2133.

[36]
No file czt-guide.bbl.
(./czt-guide.aux)

 *File List*
 article.cls    2019/12/20 v1.4l Standard LaTeX document class
  size10.clo    2019/12/20 v1.4l Standard LaTeX file (size option)
multicol.sty    2019/12/09 v1.8y multicolumn formatting (FMi)
     czt.sty    2015/07/23 v.1.4 Standard Z style file by the Community Z Tools

   color.sty    2019/11/23 v1.2a Standard LaTeX Color (DPC)
   color.cfg    2016/01/02 v1.6 sample color configuration
  pdftex.def    2018/01/08 v1.0l Graphics/color driver for pdftex
dvipsnam.def    2016/06/17 v3.0m Driver-dependent file (DPC,SPQR)
l3backend-pdfmode.def    2020-02-03 L3 backend support: PDF mode
supp-pdf.mkii
  Ustmry.fd
    umsa.fd    2013/01/14 v3.01 AMS symbols A
    umsb.fd    2013/01/14 v3.01 AMS symbols B
 ***********


LaTeX Warning: There were undefined references.


LaTeX Warning: Label(s) may have changed. Rerun to get cross-references right.

 ) 
Here is how much of TeX's memory you used:
 1877 strings out of 481239
 25122 string characters out of 5920377
 290876 words of memory out of 5000000
 17146 multiletter control sequences out of 15000+600000
 548252 words of font info for 85 fonts, out of 8000000 for 9000
 1141 hyphenation exceptions out of 8191
 26i,23n,29p,282b,341s stack positions out of 5000i,500n,10000p,200000b,80000s
{/usr/share/texmf/fonts/enc/dvips/cm-super/cm-super-ts1.enc}</usr/share/texli
ve/texmf-dist/fonts/type1/public/amsfonts/cm/cmbx10.pfb></usr/share/texlive/tex
mf-dist/fonts/type1/public/amsfonts/cm/cmbx12.pfb></usr/share/texlive/texmf-dis
t/fonts/type1/public/amsfonts/cm/cmbx7.pfb></usr/share/texlive/texmf-dist/fonts
/type1/public/amsfonts/cm/cmex10.pfb></usr/share/texlive/texmf-dist/fonts/type1
/public/amsfonts/cm/cmmi10.pfb></usr/share/texlive/texmf-dist/fonts/type1/publi
c/amsfonts/cm/cmmi12.pfb></usr/share/texlive/texmf-dist/fonts/type1/public/amsf
onts/cm/cmr10.pfb></usr/share/texlive/texmf-dist/fonts/type1/public/amsfonts/cm
/cmr12.pfb></usr/share/texlive/texmf-dist/fonts/type1/public/amsfonts/cm/cmr17.
pfb></usr/share/texlive/texmf-dist/fonts/type1/public/amsfonts/cm/cmr6.pfb></us
r/share/texlive/texmf-dist/fonts/type1/public/amsfonts/cm/cmr7.pfb></usr/share/
texlive/texmf-dist/fonts/type1/public/amsfonts/cm/cmr9.pfb></usr/share/texlive/
texmf-dist/fonts/type1/public/amsfonts/cm/cmsy10.pfb></usr/share/texlive/texmf-
dist/fonts/type1/public/amsfonts/cm/cmsy5.pfb></usr/share/texlive/texmf-dist/fo
nts/type1/public/amsfonts/cm/cmsy7.pfb></usr/share/texlive/texmf-dist/fonts/typ
e1/public/amsfonts/cm/cmti10.pfb></usr/share/texlive/texmf-dist/fonts/type1/pub
lic/amsfonts/cm/cmti7.pfb></usr/share/texlive/texmf-dist/fonts/type1/public/ams
fonts/cm/cmtt10.pfb></usr/share/texlive/texmf-dist/fonts/type1/public/amsfonts/
cm/cmtt12.pfb></usr/share/texlive/texmf-dist/fonts/type1/public/amsfonts/cm/cmt
t8.pfb></usr/share/texlive/texmf-dist/fonts/type1/public/amsfonts/cm/cmtt9.pfb>
</usr/share/texlive/texmf-dist/fonts/type1/public/amsfonts/symbols/msam10.pfb><
/usr/share/texlive/texmf-dist/fonts/type1/public/amsfonts/symbols/msbm10.pfb></
usr/share/texmf/fonts/type1/public/cm-super/sfrm1000.pfb></usr/share/texlive/te
xmf-dist/fonts/type1/public/stmaryrd/stmary10.pfb>
Output written on czt-guide.pdf (36 pages, 363103 bytes).
PDF statistics:
 221 PDF objects out of 1000 (max. 8388607)
 156 compressed objects within 2 object streams
 0 named destinations out of 1000 (max. 500000)
 1 words of extra memory for PDF output out of 10000 (max. 10000000)

